<?xml version="1.0" encoding="UTF-8"?>
<!-- Generated by org.testng.reporters.JUnitReportReporter -->
<testsuite hostname="Kumbuu" failures="0" tests="3" name="org.pack.Arun" time="0.018" errors="0" timestamp="2024-09-11T15:47:22 IST" skipped="0">
  <testcase classname="org.pack.Arun" name="bike" time="0.013"/>
  <testcase classname="org.pack.Arun" name="car" time="0.002"/>
  <testcase classname="org.pack.Arun" name="bus" time="0.003"/>
</testsuite> <!-- org.pack.Arun -->
