<?xml version="1.0" encoding="UTF-8"?>
<!-- Generated by org.testng.reporters.JUnitReportReporter -->
<testsuite hostname="Kumbuu" failures="0" tests="3" name="org.pack.Arun2" time="0.006" errors="0" timestamp="2024-09-11T15:47:22 IST" skipped="0">
  <testcase classname="org.pack.Arun2" name="Cycle" time="0.003"/>
  <testcase classname="org.pack.Arun2" name="Laptop" time="0.002"/>
  <testcase classname="org.pack.Arun2" name="Heavy" time="0.001"/>
</testsuite> <!-- org.pack.Arun2 -->
